mode: set
github.com/WendyCuy/bootcamp-go/go-testing/clase2_tt-test/internal/products/repository.go:34.47,38.2 1 1
github.com/WendyCuy/bootcamp-go/go-testing/clase2_tt-test/internal/products/repository.go:46.50,49.16 3 1
github.com/WendyCuy/bootcamp-go/go-testing/clase2_tt-test/internal/products/repository.go:52.2,52.16 1 1
github.com/WendyCuy/bootcamp-go/go-testing/clase2_tt-test/internal/products/repository.go:49.16,51.3 1 1
github.com/WendyCuy/bootcamp-go/go-testing/clase2_tt-test/internal/products/repository.go:61.44,63.39 2 1
github.com/WendyCuy/bootcamp-go/go-testing/clase2_tt-test/internal/products/repository.go:66.2,66.18 1 0
github.com/WendyCuy/bootcamp-go/go-testing/clase2_tt-test/internal/products/repository.go:69.2,69.30 1 0
github.com/WendyCuy/bootcamp-go/go-testing/clase2_tt-test/internal/products/repository.go:63.39,65.3 1 1
github.com/WendyCuy/bootcamp-go/go-testing/clase2_tt-test/internal/products/repository.go:66.18,68.3 1 0
github.com/WendyCuy/bootcamp-go/go-testing/clase2_tt-test/internal/products/repository.go:73.104,77.16 3 1
github.com/WendyCuy/bootcamp-go/go-testing/clase2_tt-test/internal/products/repository.go:80.2,82.39 3 1
github.com/WendyCuy/bootcamp-go/go-testing/clase2_tt-test/internal/products/repository.go:85.2,85.15 1 1
github.com/WendyCuy/bootcamp-go/go-testing/clase2_tt-test/internal/products/repository.go:77.16,79.3 1 0
github.com/WendyCuy/bootcamp-go/go-testing/clase2_tt-test/internal/products/repository.go:82.39,84.3 1 0
github.com/WendyCuy/bootcamp-go/go-testing/clase2_tt-test/internal/products/repository.go:91.106,93.39 2 1
github.com/WendyCuy/bootcamp-go/go-testing/clase2_tt-test/internal/products/repository.go:96.2,99.20 4 1
github.com/WendyCuy/bootcamp-go/go-testing/clase2_tt-test/internal/products/repository.go:106.2,106.14 1 1
github.com/WendyCuy/bootcamp-go/go-testing/clase2_tt-test/internal/products/repository.go:109.2,109.15 1 1
github.com/WendyCuy/bootcamp-go/go-testing/clase2_tt-test/internal/products/repository.go:93.39,95.3 1 0
github.com/WendyCuy/bootcamp-go/go-testing/clase2_tt-test/internal/products/repository.go:99.20,100.21 1 1
github.com/WendyCuy/bootcamp-go/go-testing/clase2_tt-test/internal/products/repository.go:100.21,104.4 3 1
github.com/WendyCuy/bootcamp-go/go-testing/clase2_tt-test/internal/products/repository.go:106.14,108.3 1 0
github.com/WendyCuy/bootcamp-go/go-testing/clase2_tt-test/internal/products/repository.go:112.71,115.20 3 0
github.com/WendyCuy/bootcamp-go/go-testing/clase2_tt-test/internal/products/repository.go:122.2,122.14 1 0
github.com/WendyCuy/bootcamp-go/go-testing/clase2_tt-test/internal/products/repository.go:125.2,125.15 1 0
github.com/WendyCuy/bootcamp-go/go-testing/clase2_tt-test/internal/products/repository.go:115.20,116.21 1 0
github.com/WendyCuy/bootcamp-go/go-testing/clase2_tt-test/internal/products/repository.go:116.21,120.4 3 0
github.com/WendyCuy/bootcamp-go/go-testing/clase2_tt-test/internal/products/repository.go:122.14,124.3 1 0
github.com/WendyCuy/bootcamp-go/go-testing/clase2_tt-test/internal/products/repository.go:128.43,130.39 2 1
github.com/WendyCuy/bootcamp-go/go-testing/clase2_tt-test/internal/products/repository.go:134.2,137.20 3 1
github.com/WendyCuy/bootcamp-go/go-testing/clase2_tt-test/internal/products/repository.go:144.2,144.14 1 1
github.com/WendyCuy/bootcamp-go/go-testing/clase2_tt-test/internal/products/repository.go:148.2,150.39 2 1
github.com/WendyCuy/bootcamp-go/go-testing/clase2_tt-test/internal/products/repository.go:153.2,153.12 1 1
github.com/WendyCuy/bootcamp-go/go-testing/clase2_tt-test/internal/products/repository.go:130.39,132.3 1 0
github.com/WendyCuy/bootcamp-go/go-testing/clase2_tt-test/internal/products/repository.go:137.20,138.21 1 1
github.com/WendyCuy/bootcamp-go/go-testing/clase2_tt-test/internal/products/repository.go:138.21,141.4 2 1
github.com/WendyCuy/bootcamp-go/go-testing/clase2_tt-test/internal/products/repository.go:144.14,146.3 1 1
github.com/WendyCuy/bootcamp-go/go-testing/clase2_tt-test/internal/products/repository.go:150.39,152.3 1 0
github.com/WendyCuy/bootcamp-go/go-testing/clase2_tt-test/internal/products/service.go:17.39,21.2 1 1
github.com/WendyCuy/bootcamp-go/go-testing/clase2_tt-test/internal/products/service.go:25.47,27.16 2 1
github.com/WendyCuy/bootcamp-go/go-testing/clase2_tt-test/internal/products/service.go:30.2,30.16 1 1
github.com/WendyCuy/bootcamp-go/go-testing/clase2_tt-test/internal/products/service.go:27.16,29.3 1 0
github.com/WendyCuy/bootcamp-go/go-testing/clase2_tt-test/internal/products/service.go:37.93,39.16 2 1
github.com/WendyCuy/bootcamp-go/go-testing/clase2_tt-test/internal/products/service.go:42.2,44.16 3 0
github.com/WendyCuy/bootcamp-go/go-testing/clase2_tt-test/internal/products/service.go:47.2,47.22 1 0
github.com/WendyCuy/bootcamp-go/go-testing/clase2_tt-test/internal/products/service.go:39.16,41.3 1 1
github.com/WendyCuy/bootcamp-go/go-testing/clase2_tt-test/internal/products/service.go:44.16,46.3 1 0
github.com/WendyCuy/bootcamp-go/go-testing/clase2_tt-test/internal/products/service.go:53.103,56.2 1 1
github.com/WendyCuy/bootcamp-go/go-testing/clase2_tt-test/internal/products/service.go:58.68,60.2 1 0
github.com/WendyCuy/bootcamp-go/go-testing/clase2_tt-test/internal/products/service.go:62.40,64.2 1 1
github.com/WendyCuy/bootcamp-go/go-testing/clase2_tt-test/cmd/server/handler/productos.go:32.46,36.2 1 1
github.com/WendyCuy/bootcamp-go/go-testing/clase2_tt-test/cmd/server/handler/productos.go:51.44,52.32 1 1
github.com/WendyCuy/bootcamp-go/go-testing/clase2_tt-test/cmd/server/handler/productos.go:52.32,59.28 4 1
github.com/WendyCuy/bootcamp-go/go-testing/clase2_tt-test/cmd/server/handler/productos.go:64.3,65.17 2 1
github.com/WendyCuy/bootcamp-go/go-testing/clase2_tt-test/cmd/server/handler/productos.go:69.3,69.18 1 1
github.com/WendyCuy/bootcamp-go/go-testing/clase2_tt-test/cmd/server/handler/productos.go:73.3,73.45 1 1
github.com/WendyCuy/bootcamp-go/go-testing/clase2_tt-test/cmd/server/handler/productos.go:59.28,62.4 2 0
github.com/WendyCuy/bootcamp-go/go-testing/clase2_tt-test/cmd/server/handler/productos.go:65.17,68.4 2 0
github.com/WendyCuy/bootcamp-go/go-testing/clase2_tt-test/cmd/server/handler/productos.go:69.18,72.4 2 0
github.com/WendyCuy/bootcamp-go/go-testing/clase2_tt-test/cmd/server/handler/productos.go:89.43,90.32 1 1
github.com/WendyCuy/bootcamp-go/go-testing/clase2_tt-test/cmd/server/handler/productos.go:90.32,95.28 3 1
github.com/WendyCuy/bootcamp-go/go-testing/clase2_tt-test/cmd/server/handler/productos.go:99.3,100.50 2 1
github.com/WendyCuy/bootcamp-go/go-testing/clase2_tt-test/cmd/server/handler/productos.go:104.3,104.21 1 1
github.com/WendyCuy/bootcamp-go/go-testing/clase2_tt-test/cmd/server/handler/productos.go:108.3,108.21 1 1
github.com/WendyCuy/bootcamp-go/go-testing/clase2_tt-test/cmd/server/handler/productos.go:112.3,112.21 1 1
github.com/WendyCuy/bootcamp-go/go-testing/clase2_tt-test/cmd/server/handler/productos.go:116.3,116.21 1 1
github.com/WendyCuy/bootcamp-go/go-testing/clase2_tt-test/cmd/server/handler/productos.go:120.3,121.17 2 1
github.com/WendyCuy/bootcamp-go/go-testing/clase2_tt-test/cmd/server/handler/productos.go:125.3,125.45 1 1
github.com/WendyCuy/bootcamp-go/go-testing/clase2_tt-test/cmd/server/handler/productos.go:95.28,98.4 2 0
github.com/WendyCuy/bootcamp-go/go-testing/clase2_tt-test/cmd/server/handler/productos.go:100.50,103.4 2 0
github.com/WendyCuy/bootcamp-go/go-testing/clase2_tt-test/cmd/server/handler/productos.go:104.21,107.4 2 0
github.com/WendyCuy/bootcamp-go/go-testing/clase2_tt-test/cmd/server/handler/productos.go:108.21,111.4 2 0
github.com/WendyCuy/bootcamp-go/go-testing/clase2_tt-test/cmd/server/handler/productos.go:112.21,115.4 2 0
github.com/WendyCuy/bootcamp-go/go-testing/clase2_tt-test/cmd/server/handler/productos.go:116.21,119.4 2 0
github.com/WendyCuy/bootcamp-go/go-testing/clase2_tt-test/cmd/server/handler/productos.go:121.17,124.4 2 0
github.com/WendyCuy/bootcamp-go/go-testing/clase2_tt-test/cmd/server/handler/productos.go:141.44,142.32 1 1
github.com/WendyCuy/bootcamp-go/go-testing/clase2_tt-test/cmd/server/handler/productos.go:142.32,148.28 3 1
github.com/WendyCuy/bootcamp-go/go-testing/clase2_tt-test/cmd/server/handler/productos.go:154.3,155.17 2 1
github.com/WendyCuy/bootcamp-go/go-testing/clase2_tt-test/cmd/server/handler/productos.go:160.3,161.50 2 1
github.com/WendyCuy/bootcamp-go/go-testing/clase2_tt-test/cmd/server/handler/productos.go:167.3,167.21 1 1
github.com/WendyCuy/bootcamp-go/go-testing/clase2_tt-test/cmd/server/handler/productos.go:171.3,171.21 1 1
github.com/WendyCuy/bootcamp-go/go-testing/clase2_tt-test/cmd/server/handler/productos.go:175.3,175.21 1 1
github.com/WendyCuy/bootcamp-go/go-testing/clase2_tt-test/cmd/server/handler/productos.go:179.3,179.21 1 1
github.com/WendyCuy/bootcamp-go/go-testing/clase2_tt-test/cmd/server/handler/productos.go:185.3,186.17 2 1
github.com/WendyCuy/bootcamp-go/go-testing/clase2_tt-test/cmd/server/handler/productos.go:190.3,190.45 1 1
github.com/WendyCuy/bootcamp-go/go-testing/clase2_tt-test/cmd/server/handler/productos.go:148.28,151.4 2 0
github.com/WendyCuy/bootcamp-go/go-testing/clase2_tt-test/cmd/server/handler/productos.go:155.17,158.4 2 0
github.com/WendyCuy/bootcamp-go/go-testing/clase2_tt-test/cmd/server/handler/productos.go:161.50,164.4 2 0
github.com/WendyCuy/bootcamp-go/go-testing/clase2_tt-test/cmd/server/handler/productos.go:167.21,170.4 2 0
github.com/WendyCuy/bootcamp-go/go-testing/clase2_tt-test/cmd/server/handler/productos.go:171.21,174.4 2 0
github.com/WendyCuy/bootcamp-go/go-testing/clase2_tt-test/cmd/server/handler/productos.go:175.21,178.4 2 0
github.com/WendyCuy/bootcamp-go/go-testing/clase2_tt-test/cmd/server/handler/productos.go:179.21,182.4 2 0
github.com/WendyCuy/bootcamp-go/go-testing/clase2_tt-test/cmd/server/handler/productos.go:186.17,189.4 2 0
github.com/WendyCuy/bootcamp-go/go-testing/clase2_tt-test/cmd/server/handler/productos.go:204.48,205.32 1 1
github.com/WendyCuy/bootcamp-go/go-testing/clase2_tt-test/cmd/server/handler/productos.go:205.32,211.28 3 0
github.com/WendyCuy/bootcamp-go/go-testing/clase2_tt-test/cmd/server/handler/productos.go:217.3,218.17 2 0
github.com/WendyCuy/bootcamp-go/go-testing/clase2_tt-test/cmd/server/handler/productos.go:223.3,224.50 2 0
github.com/WendyCuy/bootcamp-go/go-testing/clase2_tt-test/cmd/server/handler/productos.go:230.3,230.21 1 0
github.com/WendyCuy/bootcamp-go/go-testing/clase2_tt-test/cmd/server/handler/productos.go:236.3,237.17 2 0
github.com/WendyCuy/bootcamp-go/go-testing/clase2_tt-test/cmd/server/handler/productos.go:241.3,241.45 1 0
github.com/WendyCuy/bootcamp-go/go-testing/clase2_tt-test/cmd/server/handler/productos.go:211.28,214.4 2 0
github.com/WendyCuy/bootcamp-go/go-testing/clase2_tt-test/cmd/server/handler/productos.go:218.17,221.4 2 0
github.com/WendyCuy/bootcamp-go/go-testing/clase2_tt-test/cmd/server/handler/productos.go:224.50,227.4 2 0
github.com/WendyCuy/bootcamp-go/go-testing/clase2_tt-test/cmd/server/handler/productos.go:230.21,233.4 2 0
github.com/WendyCuy/bootcamp-go/go-testing/clase2_tt-test/cmd/server/handler/productos.go:237.17,240.4 2 0
github.com/WendyCuy/bootcamp-go/go-testing/clase2_tt-test/cmd/server/handler/productos.go:255.44,256.32 1 1
github.com/WendyCuy/bootcamp-go/go-testing/clase2_tt-test/cmd/server/handler/productos.go:256.32,262.28 3 1
github.com/WendyCuy/bootcamp-go/go-testing/clase2_tt-test/cmd/server/handler/productos.go:267.3,268.17 2 1
github.com/WendyCuy/bootcamp-go/go-testing/clase2_tt-test/cmd/server/handler/productos.go:274.3,275.17 2 1
github.com/WendyCuy/bootcamp-go/go-testing/clase2_tt-test/cmd/server/handler/productos.go:279.3,279.76 1 1
github.com/WendyCuy/bootcamp-go/go-testing/clase2_tt-test/cmd/server/handler/productos.go:262.28,265.4 2 0
github.com/WendyCuy/bootcamp-go/go-testing/clase2_tt-test/cmd/server/handler/productos.go:268.17,271.4 2 0
github.com/WendyCuy/bootcamp-go/go-testing/clase2_tt-test/cmd/server/handler/productos.go:275.17,278.4 2 0
